<?xml version="1.0" encoding="UTF-8"?>
<!-- Generated by org.testng.reporters.JUnitXMLReporter -->
<testsuite hostname="Dell-AshishKumar" ignored="2" name="Demo Automationtesting Regression Test Cases" tests="2" failures="0" timestamp="24 Aug 2019 19:14:36 GMT" time="49.018" errors="0">
  <testcase name="verifyLoginPageTitleTest" time="0.104" classname="com.qa.hubspot.tests.LoginPageTest"/>
  <testcase name="verifyHomePageHeaderTest" time="0.261" classname="com.qa.hubspot.tests.HomePageTest"/>
  <testcase name="homePageTitleTest" time="0.0" classname="com.qa.hubspot.tests.HomePageTest">
    <ignored/>
  </testcase> <!-- homePageTitleTest -->
  <testcase name="loginTest" time="0.0" classname="com.qa.hubspot.tests.LoginPageTest">
    <ignored/>
  </testcase> <!-- loginTest -->
</testsuite> <!-- Demo Automationtesting Regression Test Cases -->
