<?xml version="1.0" encoding="UTF-8"?>
<testng-results skipped="0" failed="0" ignored="2" total="4" passed="2">
  <reporter-output>
  </reporter-output>
  <suite name="Demo Automation testing Suite" duration-ms="49018" started-at="2019-08-24T19:13:46Z" finished-at="2019-08-24T19:14:35Z">
    <groups>
    </groups>
    <test name="Demo Automationtesting Regression Test Cases" duration-ms="49018" started-at="2019-08-24T19:13:46Z" finished-at="2019-08-24T19:14:35Z">
      <class name="com.qa.hubspot.tests.LoginPageTest">
        <test-method status="PASS" signature="setUp()[pri:0, instance:com.qa.hubspot.tests.LoginPageTest@46d56d67]" name="setUp" is-config="true" duration-ms="24542" started-at="2019-08-24T19:13:46Z" finished-at="2019-08-24T19:14:11Z">
          <reporter-output>
          </reporter-output>
        </test-method> <!-- setUp -->
        <test-method status="PASS" signature="verifyLoginPageTitleTest()[pri:1, instance:com.qa.hubspot.tests.LoginPageTest@46d56d67]" name="verifyLoginPageTitleTest" duration-ms="104" started-at="2019-08-24T19:14:11Z" finished-at="2019-08-24T19:14:11Z">
          <reporter-output>
          </reporter-output>
        </test-method> <!-- verifyLoginPageTitleTest -->
        <test-method status="PASS" signature="tearDown()[pri:0, instance:com.qa.hubspot.tests.LoginPageTest@46d56d67]" name="tearDown" is-config="true" duration-ms="766" started-at="2019-08-24T19:14:11Z" finished-at="2019-08-24T19:14:12Z">
          <reporter-output>
          </reporter-output>
        </test-method> <!-- tearDown -->
      </class> <!-- com.qa.hubspot.tests.LoginPageTest -->
      <class name="com.qa.hubspot.tests.HomePageTest">
        <test-method status="PASS" signature="setUp()[pri:0, instance:com.qa.hubspot.tests.HomePageTest@d8355a8]" name="setUp" is-config="true" duration-ms="22541" started-at="2019-08-24T19:14:12Z" finished-at="2019-08-24T19:14:34Z">
          <reporter-output>
          </reporter-output>
        </test-method> <!-- setUp -->
        <test-method status="PASS" signature="verifyHomePageHeaderTest()[pri:2, instance:com.qa.hubspot.tests.HomePageTest@d8355a8]" name="verifyHomePageHeaderTest" duration-ms="261" started-at="2019-08-24T19:14:34Z" finished-at="2019-08-24T19:14:35Z">
          <reporter-output>
          </reporter-output>
        </test-method> <!-- verifyHomePageHeaderTest -->
        <test-method status="PASS" signature="tearDown()[pri:0, instance:com.qa.hubspot.tests.HomePageTest@d8355a8]" name="tearDown" is-config="true" duration-ms="749" started-at="2019-08-24T19:14:35Z" finished-at="2019-08-24T19:14:35Z">
          <reporter-output>
          </reporter-output>
        </test-method> <!-- tearDown -->
      </class> <!-- com.qa.hubspot.tests.HomePageTest -->
    </test> <!-- Demo Automationtesting Regression Test Cases -->
  </suite> <!-- Demo Automation testing Suite -->
</testng-results>
